<?xml version="1.0" encoding="UTF-8"?>
<testExecutions version="1">
  <file path="/home/ajt/workspace/module.kopaxgroup.com/styled-components/bootstrap-styled-mixins/src/tests/a.test.js">
  </file>
</testExecutions>